<?xml version="1.0" encoding="UTF-8"?>
<!-- Generated by org.testng.reporters.JUnitReportReporter -->
<testsuite hostname="DELL-PC" failures="0" tests="1" name="AutomationFrameworks.testcases.portfoliosuite.LoginTest" time="89.212" errors="0" timestamp="14 Nov 2019 12:01:26 GMT" skipped="0">
  <testcase classname="AutomationFrameworks.testcases.portfoliosuite.LoginTest" name="loginTest" time="89.212"/>
</testsuite> <!-- AutomationFrameworks.testcases.portfoliosuite.LoginTest -->
