<?xml version="1.0" encoding="UTF-8"?>
<!-- Generated by org.testng.reporters.JUnitReportReporter -->
<testsuite hostname="DELL-PC" failures="0" tests="2" name="AutomationFrameworks.testcases.supportsuite.SupportTest" time="230.507" errors="0" timestamp="25 Nov 2019 15:47:28 GMT" skipped="0">
  <testcase classname="AutomationFrameworks.testcases.supportsuite.SupportTest" name="loginTest" time="105.679"/>
  <testcase classname="AutomationFrameworks.testcases.supportsuite.SupportTest" name="navigateTest" time="124.828"/>
</testsuite> <!-- AutomationFrameworks.testcases.supportsuite.SupportTest -->
