<?xml version="1.0" encoding="UTF-8"?>
<!-- Generated by org.testng.reporters.JUnitReportReporter -->
<testsuite hostname="DELL-PC" failures="0" tests="1" name="AutomationFrameworks.testcases.supportsuite.LoginTest" time="114.459" errors="0" timestamp="25 Nov 2019 15:47:28 GMT" skipped="0">
  <testcase classname="AutomationFrameworks.testcases.supportsuite.LoginTest" name="loginTest" time="114.459"/>
</testsuite> <!-- AutomationFrameworks.testcases.supportsuite.LoginTest -->
