<?xml version="1.0" encoding="UTF-8"?>
<!-- Generated by org.testng.reporters.JUnitReportReporter -->
<testsuite hostname="Manju-PC" name="PostNord.SharepointApp.MTU.AppTest" tests="1" failures="0" timestamp="25 Jan 2017 19:54:57 GMT" time="0.016" errors="0">
  <testcase name="testApp" time="0.016" classname="PostNord.SharepointApp.MTU.AppTest"/>
</testsuite>
