<?xml version="1.0" encoding="UTF-8"?>
<!-- Generated by org.testng.reporters.JUnitReportReporter -->
<testsuite hostname="DELL-PC" failures="0" tests="3" name="com.framework.dataDriven.flipkartShopping.Shopping" time="241.376" errors="0" timestamp="14 Sep 2019 11:38:26 GMT" skipped="0">
  <testcase classname="com.framework.dataDriven.flipkartShopping.Shopping" name="shopping" time="66.344"/>
  <testcase classname="com.framework.dataDriven.flipkartShopping.Shopping" name="shopping" time="110.507"/>
  <testcase classname="com.framework.dataDriven.flipkartShopping.Shopping" name="shopping" time="64.525"/>
</testsuite> <!-- com.framework.dataDriven.flipkartShopping.Shopping -->
