<?xml version="1.0" encoding="UTF-8"?>
<!-- Generated by org.testng.reporters.JUnitReportReporter -->
<testsuite hostname="DELL-PC" failures="0" tests="3" name="com.framework.dataDriven.amazonShopping.Shopping" time="151.781" errors="0" timestamp="09 Sep 2019 14:11:07 GMT" skipped="0">
  <testcase classname="com.framework.dataDriven.amazonShopping.Shopping" name="test6" time="57.300"/>
  <testcase classname="com.framework.dataDriven.amazonShopping.Shopping" name="test6" time="45.312"/>
  <testcase classname="com.framework.dataDriven.amazonShopping.Shopping" name="test6" time="49.169"/>
</testsuite> <!-- com.framework.dataDriven.amazonShopping.Shopping -->
