<?xml version="1.0" encoding="UTF-8"?>
<!-- Generated by org.testng.reporters.JUnitReportReporter -->
<testsuite hostname="DELL-PC" failures="0" tests="3" name="com.framework.dataDriven.flipkartOrders.Orders" time="194.320" errors="0" timestamp="14 Sep 2019 11:38:26 GMT" skipped="0">
  <testcase classname="com.framework.dataDriven.flipkartOrders.Orders" name="orders" time="76.858"/>
  <testcase classname="com.framework.dataDriven.flipkartOrders.Orders" name="orders" time="48.679"/>
  <testcase classname="com.framework.dataDriven.flipkartOrders.Orders" name="orders" time="68.783"/>
</testsuite> <!-- com.framework.dataDriven.flipkartOrders.Orders -->
